<?xml version="1.0" encoding="UTF-8"?>
<testsuite xmlns:xsi="http://www.w3.org/2001/XMLSchema-instance" xsi:noNamespaceSchemaLocation="https://maven.apache.org/surefire/maven-surefire-plugin/xsd/surefire-test-report-3.0.xsd" version="3.0" name="nbp.service.ExchangeAnalysisServiceTest" time="0.882" tests="5" errors="0" skipped="0" failures="0">
  <properties>
[...]
</properties>
  <testcase name="testGetBetterInvestment" classname="nbp.service.ExchangeAnalysisServiceTest" time="0.825"/>
  <testcase name="testGetHighestRate" classname="nbp.service.ExchangeAnalysisServiceTest" time="0.002"/>
  <testcase name="testGetMaxAvgGBP" classname="nbp.service.ExchangeAnalysisServiceTest" time="0.002"/>
  <testcase name="testGetMinAvgGBP" classname="nbp.service.ExchangeAnalysisServiceTest" time="0.002"/>
  <testcase name="testGetAverageGBP" classname="nbp.service.ExchangeAnalysisServiceTest" time="0.003"/>
</testsuite>